[23:05:08] [Server thread/INFO]: Starting minecraft server version 1.8.8
[23:05:08] [Server thread/INFO]: Loading properties
[23:05:08] [Server thread/INFO]: Default game type: SURVIVAL
[23:05:08] [Server thread/INFO]: This server is running CraftBukkit version git-PaperSpigot-445 (MC: 1.8.8) (Implementing API version 1.8.8-R0.1-SNAPSHOT)
[23:05:09] [Server thread/INFO]: Debug logging is disabled
[23:05:09] [Server thread/INFO]: Spigot Timings: true - Verbose: true - Interval: 5m - Length: 60m
[23:05:09] [Server thread/INFO]: Server Ping Player Sample Count: 12

[23:05:09] [Server thread/INFO]: Using 4 threads for Netty based IO
[23:05:09] [Server thread/INFO]: Data value allowed items: 
[23:05:09] [Server thread/WARN]: java.lang.NoSuchFieldException: modifiers

[23:05:09] [Server thread/WARN]: 	at java.base/java.lang.Class.getDeclaredField(Class.java:2782)

[23:05:09] [Server thread/WARN]: 	at org.github.paperspigot.PaperSpigotConfig.stackableBuckets(PaperSpigotConfig.java:192)

[23:05:09] [Server thread/WARN]: 	at java.base/jdk.internal.reflect.DirectMethodHandleAccessor.invoke(DirectMethodHandleAccessor.java:103)

[23:05:09] [Server thread/WARN]: 	at java.base/java.lang.reflect.Method.invoke(Method.java:580)

[23:05:09] [Server thread/WARN]: 	at org.github.paperspigot.PaperSpigotConfig.readConfig(PaperSpigotConfig.java:84)

[23:05:09] [Server thread/WARN]: 	at org.github.paperspigot.PaperSpigotConfig.init(PaperSpigotConfig.java:62)

[23:05:09] [Server thread/WARN]: 	at net.minecraft.server.v1_8_R3.DedicatedServer.init(DedicatedServer.java:181)

[23:05:09] [Server thread/WARN]: 	at net.minecraft.server.v1_8_R3.MinecraftServer.run(MinecraftServer.java:563)

[23:05:09] [Server thread/WARN]: 	at java.base/java.lang.Thread.run(Thread.java:1583)

[23:05:09] [Server thread/INFO]: Generating keypair
[23:05:09] [Server thread/INFO]: Starting Minecraft server on localhost:25565
[23:05:09] [Server thread/INFO]: Your platform does not provide complete low-level API for accessing direct buffers reliably. Unless explicitly requested, heap buffer will always be preferred to avoid potential system unstability.
[23:05:09] [Server thread/INFO]: Using default channel type
[23:05:09] [Server thread/INFO]: Set PluginClassLoader as parallel capable
[23:05:09] [Server thread/INFO]: [SimpleTpa] Loading SimpleTpa v6.4
[23:05:09] [Server thread/INFO]: [dynmap] Loading dynmap v3.0-beta-2-138
[23:05:09] [Server thread/INFO]: [dynmap] version=git-PaperSpigot-445 (MC: 1.8.8)
[23:05:10] [Server thread/INFO]: [dynmap] Mod Support API available
[23:05:10] [Server thread/INFO]: [WorldEdit] Loading WorldEdit v6.1;no_git_id
[23:05:10] [Server thread/INFO]: [Questioner] Loading Questioner v0.6
[23:05:10] [Server thread/INFO]: [LoginSecurity] Loading LoginSecurity v3.2.0
[23:05:10] [Server thread/INFO]: [SimpleHomes] Loading SimpleHomes v2.2
[23:05:10] [Server thread/INFO]: [WorkingDrugs] Loading WorkingDrugs v1.0
[23:05:10] [Server thread/INFO]: [WorldBorder] Loading WorldBorder v1.8.7
[23:05:10] [Server thread/INFO]: [Vault] Loading Vault v1.5.6-b49
[23:05:10] [Server thread/INFO]: [Essentials] Loading Essentials v2.20.1
[23:05:10] [Server thread/INFO]: [EssentialsChat] Loading EssentialsChat v2.20.1
[23:05:10] [Server thread/INFO]: [Towny] Loading Towny v0.92.0.0 (for MC 1.7.10)
[23:05:10] [Server thread/INFO]: [EssentialsSpawn] Loading EssentialsSpawn v2.20.1
[23:05:10] [Server thread/INFO]: [Brewery] Loading Brewery v3.1.1
[23:05:10] [Server thread/INFO]: [TownyChat] Loading TownyChat v0.49
[23:05:10] [Server thread/INFO]: [TownyNameUpdater] Loading TownyNameUpdater v1.0
[23:05:10] [Server thread/INFO]: [Vault] Enabling Vault v1.5.6-b49
[23:05:10] [Server thread/INFO]: [Vault] [Economy] Essentials Economy found: Waiting
[23:05:10] [Server thread/INFO]: [Vault] [Permission] SuperPermissions loaded as backup permission system.
[23:05:10] [Server thread/INFO]: [Vault] Enabled Version 1.5.6-b49
[23:05:10] [Server thread/WARN]: **** SERVER IS RUNNING IN OFFLINE/INSECURE MODE!
[23:05:10] [Server thread/WARN]: The server will make no attempt to authenticate usernames. Beware.
[23:05:10] [Server thread/WARN]: Whilst this makes it possible to use BungeeCord, unless access to your server is properly restricted, it also opens up the ability for hackers to connect with any username they choose.
[23:05:10] [Server thread/WARN]: Please see http://www.spigotmc.org/wiki/firewall-guide/ for further information.
[23:05:10] [Server thread/WARN]: To change this, set "online-mode" to "true" in the server.properties file.
[23:05:10] [Server thread/INFO]: **** Beginning UUID conversion, this may take A LONG time ****
[23:05:10] [Server thread/INFO]: Preparing level "world"
[23:05:10] [Server thread/INFO]: -------- World Settings For [world] --------
[23:05:10] [Server thread/INFO]: Mob Spawn Range: 4
[23:05:10] [Server thread/INFO]: Anti X-Ray: true
[23:05:10] [Server thread/INFO]: 	Engine Mode: 1
[23:05:10] [Server thread/INFO]: 	Hidden Blocks: [14, 15, 16, 21, 48, 49, 54, 56, 73, 74, 82, 129, 130]
[23:05:10] [Server thread/INFO]: 	Replace Blocks: [1, 5]
[23:05:10] [Server thread/INFO]: Nerfing mobs spawned from spawners: false
[23:05:10] [Server thread/INFO]: Cactus Growth Modifier: 100%
[23:05:10] [Server thread/INFO]: Cane Growth Modifier: 100%
[23:05:10] [Server thread/INFO]: Melon Growth Modifier: 100%
[23:05:10] [Server thread/INFO]: Mushroom Growth Modifier: 100%
[23:05:10] [Server thread/INFO]: Pumpkin Growth Modifier: 100%
[23:05:10] [Server thread/INFO]: Sapling Growth Modifier: 100%
[23:05:10] [Server thread/INFO]: Wheat Growth Modifier: 100%
[23:05:10] [Server thread/INFO]: NetherWart Growth Modifier: 100%
[23:05:10] [Server thread/INFO]: Entity Activation Range: An 32 / Mo 32 / Mi 16
[23:05:10] [Server thread/INFO]: Entity Tracking Range: Pl 48 / An 48 / Mo 48 / Mi 32 / Other 64
[23:05:10] [Server thread/INFO]: Hopper Transfer: 8 Hopper Check: 8 Hopper Amount: 1
[23:05:10] [Server thread/INFO]: Random Lighting Updates: false
[23:05:10] [Server thread/INFO]: Structure Info Saving: true
[23:05:10] [Server thread/INFO]: Sending up to 10 chunks per packet
[23:05:10] [Server thread/INFO]: Max Entity Collisions: 8
[23:05:10] [Server thread/INFO]: Custom Map Seeds:  Village: 10387312 Feature: 14357617
[23:05:10] [Server thread/INFO]: Max TNT Explosions: 100
[23:05:10] [Server thread/INFO]: Tile Max Tick Time: 50ms Entity max Tick Time: 50ms
[23:05:10] [Server thread/INFO]: Item Despawn Rate: 6000
[23:05:10] [Server thread/INFO]: Item Merge Radius: 2.5
[23:05:10] [Server thread/INFO]: Arrow Despawn Rate: 1200
[23:05:10] [Server thread/INFO]: Allow Zombie Pigmen to spawn from portal blocks: true
[23:05:10] [Server thread/INFO]: View Distance: 4
[23:05:10] [Server thread/INFO]: Zombie Aggressive Towards Villager: true
[23:05:10] [Server thread/INFO]: Chunks to Grow per Tick: 650
[23:05:10] [Server thread/INFO]: Clear tick list: false
[23:05:10] [Server thread/INFO]: Experience Merge Radius: 3.0
[23:05:10] [Server thread/INFO]: -------- World Settings For [world] --------
[23:05:10] [Server thread/INFO]: Remove invalid mob spawner tile entities: true
[23:05:10] [Server thread/INFO]: Squids will spawn between Y: 45.0 and Y: 63.0
[23:05:10] [Server thread/INFO]: Max height for cactus growth 3. Max height for reed growth 3
[23:05:10] [Server thread/INFO]: Living Entity Despawn Ranges:  Soft: 32 Hard: 128
[23:05:10] [Server thread/INFO]: Player blocking damage multiplier set to 0.5
[23:05:10] [Server thread/INFO]: Water over lava flow speed: 5
[23:05:10] [Server thread/INFO]: Fix TNT cannons: false
[23:05:10] [Server thread/INFO]: Allow undead horse types to be leashed: false
[23:05:10] [Server thread/INFO]: Keep spawn chunk loaded: true
[23:05:10] [Server thread/INFO]: World async lighting: false
[23:05:10] [Server thread/INFO]: WorldServer TickNextTick cap set at 10000
[23:05:10] [Server thread/INFO]: WorldServer TickNextTickList cap always processes redstone: false
[23:05:10] [Server thread/INFO]: -------- World Settings For [world_nether] --------
[23:05:10] [Server thread/INFO]: Mob Spawn Range: 4
[23:05:10] [Server thread/INFO]: Anti X-Ray: true
[23:05:10] [Server thread/INFO]: 	Engine Mode: 1
[23:05:10] [Server thread/INFO]: 	Hidden Blocks: [14, 15, 16, 21, 48, 49, 54, 56, 73, 74, 82, 129, 130]
[23:05:10] [Server thread/INFO]: 	Replace Blocks: [1, 5]
[23:05:10] [Server thread/INFO]: Nerfing mobs spawned from spawners: false
[23:05:10] [Server thread/INFO]: Cactus Growth Modifier: 100%
[23:05:10] [Server thread/INFO]: Cane Growth Modifier: 100%
[23:05:10] [Server thread/INFO]: Melon Growth Modifier: 100%
[23:05:10] [Server thread/INFO]: Mushroom Growth Modifier: 100%
[23:05:10] [Server thread/INFO]: Pumpkin Growth Modifier: 100%
[23:05:10] [Server thread/INFO]: Sapling Growth Modifier: 100%
[23:05:10] [Server thread/INFO]: Wheat Growth Modifier: 100%
[23:05:10] [Server thread/INFO]: NetherWart Growth Modifier: 100%
[23:05:10] [Server thread/INFO]: Entity Activation Range: An 32 / Mo 32 / Mi 16
[23:05:10] [Server thread/INFO]: Entity Tracking Range: Pl 48 / An 48 / Mo 48 / Mi 32 / Other 64
[23:05:10] [Server thread/INFO]: Hopper Transfer: 8 Hopper Check: 8 Hopper Amount: 1
[23:05:10] [Server thread/INFO]: Random Lighting Updates: false
[23:05:10] [Server thread/INFO]: Structure Info Saving: true
[23:05:10] [Server thread/INFO]: Sending up to 10 chunks per packet
[23:05:10] [Server thread/INFO]: Max Entity Collisions: 8
[23:05:10] [Server thread/INFO]: Custom Map Seeds:  Village: 10387312 Feature: 14357617
[23:05:10] [Server thread/INFO]: Max TNT Explosions: 100
[23:05:10] [Server thread/INFO]: Tile Max Tick Time: 50ms Entity max Tick Time: 50ms
[23:05:10] [Server thread/INFO]: Item Despawn Rate: 6000
[23:05:10] [Server thread/INFO]: Item Merge Radius: 2.5
[23:05:10] [Server thread/INFO]: Arrow Despawn Rate: 1200
[23:05:10] [Server thread/INFO]: Allow Zombie Pigmen to spawn from portal blocks: true
[23:05:10] [Server thread/INFO]: View Distance: 4
[23:05:10] [Server thread/INFO]: Zombie Aggressive Towards Villager: true
[23:05:10] [Server thread/INFO]: Chunks to Grow per Tick: 650
[23:05:10] [Server thread/INFO]: Clear tick list: false
[23:05:10] [Server thread/INFO]: Experience Merge Radius: 3.0
[23:05:10] [Server thread/INFO]: -------- World Settings For [world_nether] --------
[23:05:10] [Server thread/INFO]: Remove invalid mob spawner tile entities: true
[23:05:10] [Server thread/INFO]: Squids will spawn between Y: 45.0 and Y: 63.0
[23:05:10] [Server thread/INFO]: Max height for cactus growth 3. Max height for reed growth 3
[23:05:10] [Server thread/INFO]: Living Entity Despawn Ranges:  Soft: 32 Hard: 128
[23:05:10] [Server thread/INFO]: Player blocking damage multiplier set to 0.5
[23:05:10] [Server thread/INFO]: Water over lava flow speed: 5
[23:05:10] [Server thread/INFO]: Fix TNT cannons: false
[23:05:10] [Server thread/INFO]: Allow undead horse types to be leashed: false
[23:05:10] [Server thread/INFO]: Keep spawn chunk loaded: true
[23:05:10] [Server thread/INFO]: World async lighting: false
[23:05:10] [Server thread/INFO]: WorldServer TickNextTick cap set at 10000
[23:05:10] [Server thread/INFO]: WorldServer TickNextTickList cap always processes redstone: false
[23:05:10] [Server thread/INFO]: -------- World Settings For [world_the_end] --------
[23:05:10] [Server thread/INFO]: Mob Spawn Range: 4
[23:05:10] [Server thread/INFO]: Anti X-Ray: true
[23:05:10] [Server thread/INFO]: 	Engine Mode: 1
[23:05:10] [Server thread/INFO]: 	Hidden Blocks: [14, 15, 16, 21, 48, 49, 54, 56, 73, 74, 82, 129, 130]
[23:05:10] [Server thread/INFO]: 	Replace Blocks: [1, 5]
[23:05:10] [Server thread/INFO]: Nerfing mobs spawned from spawners: false
[23:05:10] [Server thread/INFO]: Cactus Growth Modifier: 100%
[23:05:10] [Server thread/INFO]: Cane Growth Modifier: 100%
[23:05:10] [Server thread/INFO]: Melon Growth Modifier: 100%
[23:05:10] [Server thread/INFO]: Mushroom Growth Modifier: 100%
[23:05:10] [Server thread/INFO]: Pumpkin Growth Modifier: 100%
[23:05:10] [Server thread/INFO]: Sapling Growth Modifier: 100%
[23:05:10] [Server thread/INFO]: Wheat Growth Modifier: 100%
[23:05:10] [Server thread/INFO]: NetherWart Growth Modifier: 100%
[23:05:10] [Server thread/INFO]: Entity Activation Range: An 32 / Mo 32 / Mi 16
[23:05:10] [Server thread/INFO]: Entity Tracking Range: Pl 48 / An 48 / Mo 48 / Mi 32 / Other 64
[23:05:10] [Server thread/INFO]: Hopper Transfer: 8 Hopper Check: 8 Hopper Amount: 1
[23:05:10] [Server thread/INFO]: Random Lighting Updates: false
[23:05:10] [Server thread/INFO]: Structure Info Saving: true
[23:05:10] [Server thread/INFO]: Sending up to 10 chunks per packet
[23:05:10] [Server thread/INFO]: Max Entity Collisions: 8
[23:05:10] [Server thread/INFO]: Custom Map Seeds:  Village: 10387312 Feature: 14357617
[23:05:10] [Server thread/INFO]: Max TNT Explosions: 100
[23:05:10] [Server thread/INFO]: Tile Max Tick Time: 50ms Entity max Tick Time: 50ms
[23:05:10] [Server thread/INFO]: Item Despawn Rate: 6000
[23:05:10] [Server thread/INFO]: Item Merge Radius: 2.5
[23:05:10] [Server thread/INFO]: Arrow Despawn Rate: 1200
[23:05:10] [Server thread/INFO]: Allow Zombie Pigmen to spawn from portal blocks: true
[23:05:10] [Server thread/INFO]: View Distance: 4
[23:05:10] [Server thread/INFO]: Zombie Aggressive Towards Villager: true
[23:05:10] [Server thread/INFO]: Chunks to Grow per Tick: 650
[23:05:10] [Server thread/INFO]: Clear tick list: false
[23:05:10] [Server thread/INFO]: Experience Merge Radius: 3.0
[23:05:10] [Server thread/INFO]: -------- World Settings For [world_the_end] --------
[23:05:10] [Server thread/INFO]: Remove invalid mob spawner tile entities: true
[23:05:10] [Server thread/INFO]: Squids will spawn between Y: 45.0 and Y: 63.0
[23:05:10] [Server thread/INFO]: Max height for cactus growth 3. Max height for reed growth 3
[23:05:10] [Server thread/INFO]: Living Entity Despawn Ranges:  Soft: 32 Hard: 128
[23:05:10] [Server thread/INFO]: Player blocking damage multiplier set to 0.5
[23:05:10] [Server thread/INFO]: Water over lava flow speed: 5
[23:05:10] [Server thread/INFO]: Fix TNT cannons: false
[23:05:10] [Server thread/INFO]: Allow undead horse types to be leashed: false
[23:05:10] [Server thread/INFO]: Keep spawn chunk loaded: true
[23:05:10] [Server thread/INFO]: World async lighting: false
[23:05:10] [Server thread/INFO]: WorldServer TickNextTick cap set at 10000
[23:05:10] [Server thread/INFO]: WorldServer TickNextTickList cap always processes redstone: false
[23:05:10] [Server thread/INFO]: Preparing start region for level 0 (Seed: 303614679635517788)
[23:05:11] [Server thread/INFO]: Preparing spawn area: 32%
[23:05:12] [Server thread/INFO]: Preparing start region for level 1 (Seed: 303614679635517788)
[23:05:13] [Server thread/INFO]: Preparing spawn area: 98%
[23:05:13] [Server thread/INFO]: Preparing start region for level 2 (Seed: 303614679635517788)
[23:05:13] [Server thread/INFO]: [SimpleTpa] Enabling SimpleTpa v6.4
[23:05:13] [Server thread/INFO]: [0;33;1m[21m[SimpleTpa] If you need support contact me at https://discord.gg/SZUkza9[m

[23:05:13] [Server thread/INFO]: [0;33;1m[21m[SimpleTpa] Simple Tpa has been enabled on version 6.4[m

[23:05:13] [Server thread/INFO]: Enabled metrics. You may opt-out by changing plugins/bStats/config.yml
[23:05:13] [Server thread/INFO]: [dynmap] Enabling dynmap v3.0-beta-2-138
[23:05:13] [Server thread/INFO]: [dynmap] Using Bukkit Permissions (superperms) for access control
[23:05:13] [Server thread/INFO]: [dynmap] Web interface permissions only available for online users
[23:05:13] [Server thread/INFO]: [dynmap] Mod Support processing completed
[23:05:14] [Server thread/INFO]: [dynmap] Loaded 25 shaders.
[23:05:14] [Server thread/INFO]: [dynmap] Loaded 82 perspectives.
[23:05:14] [Server thread/INFO]: [dynmap] Loaded 14 lightings.
[23:05:14] [Server thread/INFO]: [dynmap] Web server started on address localhost:8123
[23:05:14] [Server thread/INFO]: [dynmap] version 3.0-beta-2-138 is enabled - core version 3.0-beta-2-138
[23:05:14] [Server thread/INFO]: [dynmap] World 'world' disabled
[23:05:14] [Server thread/INFO]: [dynmap] World 'world_nether' disabled
[23:05:14] [Server thread/INFO]: [dynmap] World 'world_the_end' disabled
[23:05:14] [Server thread/INFO]: [dynmap] Enabled
[23:05:14] [Server thread/INFO]: [WorldEdit] Enabling WorldEdit v6.1;no_git_id
[23:05:14] [Server thread/INFO]: WEPIF: Using the Bukkit Permissions API.
[23:05:14] [Server thread/INFO]: [WorldEdit] Using com.sk89q.worldedit.bukkit.adapter.impl.Spigot_v1_8_R3 as the Bukkit adapter
[23:05:14] [Server thread/INFO]: [Questioner] Enabling Questioner v0.6
[23:05:14] [Server thread/INFO]: [Questioner] v0.6 - Enabled

[23:05:14] [Server thread/INFO]: [LoginSecurity] Enabling LoginSecurity v3.2.0
[23:05:14] [Server thread/INFO]: [LoginSecurity] Loading base translations from "en_us"
[23:05:14] [Server thread/INFO]: [LoginSecurity] Loading specified translations from "en_us"
[23:05:14] [Server thread/INFO]: [LoginSecurity] Registering commands...
[23:05:14] [Server thread/INFO]: [LoginSecurity] Registering listeners...
[23:05:14] [Server thread/INFO]: [SimpleHomes] Enabling SimpleHomes v2.2
[23:05:14] [Server thread/INFO]: [WorkingDrugs] Enabling WorkingDrugs v1.0
[23:05:14] [Server thread/INFO]: Smoke weeds everyday!

[23:05:14] [Server thread/INFO]: [WorldBorder] Enabling WorldBorder v1.8.7
[23:05:14] [Server thread/INFO]: [WorldBorder] [CONFIG] Using elliptic/round border, knockback of 3.0 blocks, and timer delay of 5.
[23:05:14] [Server thread/INFO]: [WorldBorder] [CONFIG] Border-checking timed task started.
[23:05:14] [Server thread/INFO]: [WorldBorder] [CONFIG] Configuration not present, creating new file.
[23:05:14] [Server thread/INFO]: [WorldBorder] [CONFIG] Successfully hooked into DynMap for the ability to display borders.
[23:05:14] [Server thread/INFO]: [WorldBorder] For reference, the main world's spawn location is at X: -15.0 Y: 64.0 Z: 178.0
[23:05:14] [Server thread/INFO]: [Essentials] Enabling Essentials v2.20.1
[23:05:15] [Server thread/INFO]: You are running a server with limited API functionality. EssentialsX will still work, but certain features may be disabled.
[23:05:15] [Server thread/INFO]: Attempting to convert old kits in config.yml to new kits.yml
[23:05:15] [Server thread/INFO]: No kits found to migrate.
[23:05:15] [Server thread/INFO]: Loaded 853 items from items.csv.
[23:05:15] [Server thread/INFO]: Using locale en
[23:05:15] [Server thread/INFO]: ServerListPingEvent: Spigot iterator API
[23:05:15] [Server thread/INFO]: Starting Metrics. Opt-out using the global bStats config.
[23:05:15] [Server thread/INFO]: [Vault][Economy] Essentials Economy hooked.
[23:05:15] [Server thread/INFO]: Using superperms-based permissions.
[23:05:15] [Server thread/INFO]: [EssentialsChat] Enabling EssentialsChat v2.20.1
[23:05:15] [Server thread/INFO]: Starting Metrics. Opt-out using the global bStats config.
[23:05:15] [Server thread/INFO]: [Towny] Enabling Towny v0.92.0.0 (for MC 1.7.10)
[23:05:15] [Server thread/INFO]: ====================      Towny      ========================

[23:05:16] [Server thread/INFO]: [Towny] Database: [Load] flatfile [Save] flatfile

[23:05:16] [Server thread/INFO]: [Towny] Using: BukkitPermissions, EssentialsX Economy via Vault, Questioner v0.6
[23:05:16] [Server thread/INFO]: [Towny] Time until a New Day: 12 hours, 54 minutes, 44 seconds
[23:05:16] [Server thread/INFO]: =============================================================
[23:05:16] [Server thread/INFO]: [Towny] Version: 0.92.0.0 (for MC 1.7.10) - Mod Enabled
[23:05:16] [Server thread/INFO]: =============================================================
[23:05:16] [Server thread/INFO]: [EssentialsSpawn] Enabling EssentialsSpawn v2.20.1
[23:05:16] [Server thread/INFO]: Starting Metrics. Opt-out using the global bStats config.
[23:05:16] [Server thread/INFO]: [Brewery] Enabling Brewery v3.1.1
[23:05:16] [Server thread/INFO]: [0;32;22m[Brewery] [0;37;1mBrewery enabled![m

[23:05:16] [Server thread/INFO]: [TownyChat] Enabling TownyChat v0.49
[23:05:16] [Server thread/INFO]: [TownyNameUpdater] Enabling TownyNameUpdater v1.0
[23:05:16] [Server thread/INFO]: Server permissions file permissions.yml is empty, ignoring it
[23:05:16] [Server thread/INFO]: Done (6.619s)! For help, type "help" or "?"
[23:05:16] [Server thread/INFO]: Timings Reset
[23:05:16] [Server thread/INFO]: Essentials found a compatible payment resolution method: Vault Compatibility Layer (v1.5.6-b49)!
[23:05:16] [Craft Scheduler Thread - 1/INFO]: ยง6Fetching version information...
[23:05:16] [Server thread/INFO]: [TownyChat] -******* TownyChat enabled *******-
[23:05:16] [Craft Scheduler Thread - 4/INFO]: [Vault] Checking for Updates ... 
[23:05:17] [Craft Scheduler Thread - 4/WARN]: [Vault] Stable Version: 1.7.3 is out! You are still running version: 1.5.6
[23:05:17] [Craft Scheduler Thread - 4/WARN]: [Vault] Update at: http://dev.bukkit.org/server-mods/vault
[23:05:17] [Craft Scheduler Thread - 2/INFO]: [0;31;1m[21m[SimpleTpa] There is a new update available.[m

[23:05:17] [Craft Scheduler Thread - 2/INFO]: [0;31;1m[SimpleTpa] There is a new update available:[m

[23:05:17] [Craft Scheduler Thread - 2/INFO]: [0;31;1m[SimpleTpa] https://www.spigotmc.org/resources/simple-tpa.64270/[m

[23:10:42] [Server thread/INFO]: Stopping the server
[23:10:42] [Server thread/INFO]: Stopping server
[23:10:42] [Server thread/INFO]: [TownyNameUpdater] Disabling TownyNameUpdater v1.0
[23:10:42] [Server thread/INFO]: [TownyChat] Disabling TownyChat v0.49
[23:10:42] [Server thread/INFO]: [Brewery] Disabling Brewery v3.1.1
[23:10:42] [Server thread/INFO]: [0;32;22m[Brewery] [0;37;1mBrewery disabled![m

[23:10:42] [Server thread/INFO]: Disabling EssentialsSpawn v2.20.1
[23:10:42] [Server thread/INFO]: [Towny] Disabling Towny v0.92.0.0 (for MC 1.7.10)
[23:10:42] [Server thread/INFO]: ==============================================================

[23:10:42] [Server thread/INFO]: [Towny] Version: 0.92.0.0 (for MC 1.7.10) - Mod Disabled

[23:10:42] [Server thread/INFO]: =============================================================

[23:10:42] [Server thread/INFO]: Disabling EssentialsChat v2.20.1
[23:10:42] [Server thread/INFO]: Disabling Essentials v2.20.1
[23:10:42] [Server thread/INFO]: [Vault][Economy] Essentials Economy unhooked.
[23:10:42] [Server thread/INFO]: [Vault] Disabling Vault v1.5.6-b49
[23:10:42] [Server thread/INFO]: [WorldBorder] Disabling WorldBorder v1.8.7
[23:10:42] [Server thread/INFO]: [WorldBorder] [CONFIG] Border-checking timed task stopped.
[23:10:42] [Server thread/INFO]: [WorkingDrugs] Disabling WorkingDrugs v1.0
[23:10:42] [Server thread/INFO]: [SimpleHomes] Disabling SimpleHomes v2.2
[23:10:42] [Server thread/INFO]: [LoginSecurity] Disabling LoginSecurity v3.2.0
[23:10:42] [Server thread/INFO]: [LoginSecurity] Waiting for queued tasks...
[23:10:42] [Server thread/INFO]: [LoginSecurity] ExecutorService shut down, ready to disable.
[23:10:42] [Server thread/INFO]: [Questioner] Disabling Questioner v0.6
[23:10:42] [Server thread/INFO]: [Questioner] v0.6 - Disabled

[23:10:42] [Server thread/INFO]: [WorldEdit] Disabling WorldEdit v6.1;no_git_id
[23:10:42] [Server thread/INFO]: [dynmap] Disabling dynmap v3.0-beta-2-138
[23:10:42] [Server thread/INFO]: [dynmap] Unloaded 11 components.
[23:10:42] [Server thread/INFO]: [dynmap] Stopping map renderer...
[23:10:43] [Server thread/INFO]: [dynmap] Disabled
[23:10:43] [Server thread/INFO]: [SimpleTpa] Disabling SimpleTpa v6.4
[23:10:43] [Server thread/INFO]: [0;36;1m[21m[SimpleTpa] If you need support contact me at https://discord.gg/SZUkza9[m

[23:10:43] [Server thread/INFO]: [0;36;1m[21m[SimpleTpa] Simple Tpa has been disabled on version 6.4[m

[23:10:43] [Server thread/INFO]: Saving players
[23:10:43] [Server thread/INFO]: Saving worlds
[23:10:43] [Server thread/INFO]: Saving chunks for level 'world'/Overworld
[23:10:43] [Server thread/INFO]: Saving chunks for level 'world_nether'/Nether
[23:10:43] [Server thread/INFO]: Saving chunks for level 'world_the_end'/The End
