[00:19:00] [Netty Worker IO Thread #3/INFO] [EaglercraftXBungee]: [/[0:0:0:0:0:0:0:1%0]:33446]: Connected via websocket
[00:19:00] [Netty Worker IO Thread #3/INFO] [EaglercraftXBungee]: [/[0:0:0:0:0:0:0:1%0]:33446]: Origin header is https://eaglercraft.com
[00:19:00] [Netty Worker IO Thread #3/INFO] [EaglercraftXBungee]: [/[0:0:0:0:0:0:0:1%0]:33446]: Logged in as 'Googl'
[00:19:00] [Netty Worker IO Thread #3/INFO]: [/[0:0:0:0:0:0:0:1%0]:33446|Googl] -> UpstreamBridge has connected
[00:19:00] [Netty Worker IO Thread #3/INFO]: [Googl|/[0:0:0:0:0:0:0:1%0]:33446] <-> ServerConnector [lobby] has connected
[00:21:30] [Netty Worker IO Thread #3/INFO]: [/[0:0:0:0:0:0:0:1%0]:33446|Googl] -> UpstreamBridge has disconnected
[00:21:30] [Netty Worker IO Thread #3/INFO]: [Googl] disconnected with: Proxy lost connection to server.
[00:21:30] [Netty Worker IO Thread #3/INFO]: [/[0:0:0:0:0:0:0:1%0]:33446|Googl] <-> DownstreamBridge <-> [lobby] has disconnected
[00:24:53] [Netty Worker IO Thread #1/INFO] [EaglercraftXBungee]: [/[0:0:0:0:0:0:0:1%0]:44816]: Connected via websocket
[00:24:53] [Netty Worker IO Thread #1/INFO] [EaglercraftXBungee]: [/[0:0:0:0:0:0:0:1%0]:44816]: Origin header is https://eaglercraft.com
[00:24:53] [Netty Worker IO Thread #1/INFO] [EaglercraftXBungee]: [/[0:0:0:0:0:0:0:1%0]:44816]: Logged in as 'skibidi_rizz'
[00:24:53] [Netty Worker IO Thread #1/INFO]: [/[0:0:0:0:0:0:0:1%0]:44816|skibidi_rizz] -> UpstreamBridge has connected
[00:24:53] [Netty Worker IO Thread #1/INFO]: [skibidi_rizz|/[0:0:0:0:0:0:0:1%0]:44816] <-> ServerConnector [lobby] has connected
[00:25:35] [Netty Worker IO Thread #2/INFO] [EaglercraftXBungee]: [/[0:0:0:0:0:0:0:1%0]:37724]: Connected via websocket
[00:25:35] [Netty Worker IO Thread #2/INFO] [EaglercraftXBungee]: [/[0:0:0:0:0:0:0:1%0]:37724]: Origin header is https://eaglercraft.com
[00:25:35] [Netty Worker IO Thread #2/INFO] [EaglercraftXBungee]: [/[0:0:0:0:0:0:0:1%0]:37724]: Logged in as 'Googl'
[00:25:35] [Netty Worker IO Thread #2/INFO]: [/[0:0:0:0:0:0:0:1%0]:37724|Googl] -> UpstreamBridge has connected
[00:25:35] [Netty Worker IO Thread #2/INFO]: [Googl|/[0:0:0:0:0:0:0:1%0]:37724] <-> ServerConnector [lobby] has connected
[00:33:06] [main/INFO]: Command not found
[00:35:03] [Netty Worker IO Thread #2/INFO]: [/[0:0:0:0:0:0:0:1%0]:37724|Googl] -> UpstreamBridge has disconnected
[00:35:03] [Netty Worker IO Thread #2/INFO]: [Googl] disconnected with: Proxy lost connection to server.
[00:35:03] [Netty Worker IO Thread #2/INFO]: [/[0:0:0:0:0:0:0:1%0]:37724|Googl] <-> DownstreamBridge <-> [lobby] has disconnected
[00:36:44] [Netty Worker IO Thread #1/INFO]: [skibidi_rizz] disconnected with: Server closed
[00:36:44] [Netty Worker IO Thread #1/INFO]: [/[0:0:0:0:0:0:0:1%0]:44816|skibidi_rizz] -> UpstreamBridge has disconnected
[00:36:44] [Netty Worker IO Thread #1/INFO]: [/[0:0:0:0:0:0:0:1%0]:44816|skibidi_rizz] <-> DownstreamBridge <-> [lobby] has disconnected
[00:37:08] [Netty Worker IO Thread #0/INFO] [EaglercraftXBungee]: [/[0:0:0:0:0:0:0:1%0]:50268]: Connected via websocket
[00:37:08] [Netty Worker IO Thread #0/INFO] [EaglercraftXBungee]: [/[0:0:0:0:0:0:0:1%0]:50268]: Origin header is https://eaglercraft.com
[00:37:08] [Netty Worker IO Thread #0/INFO] [EaglercraftXBungee]: [/[0:0:0:0:0:0:0:1%0]:50268]: Logged in as 'skibidi_rizz'
[00:37:08] [Netty Worker IO Thread #0/INFO]: [/[0:0:0:0:0:0:0:1%0]:50268|skibidi_rizz] -> UpstreamBridge has connected
[00:37:08] [Netty Worker IO Thread #0/INFO]: [skibidi_rizz|/[0:0:0:0:0:0:0:1%0]:50268] <-> ServerConnector [lobby] has connected
[00:37:36] [Netty Worker IO Thread #1/INFO] [EaglercraftXBungee]: [/[0:0:0:0:0:0:0:1%0]:41732]: Connected via websocket
[00:37:36] [Netty Worker IO Thread #1/INFO] [EaglercraftXBungee]: [/[0:0:0:0:0:0:0:1%0]:41732]: Origin header is https://eaglercraft.com
[00:37:36] [Netty Worker IO Thread #1/INFO] [EaglercraftXBungee]: [/[0:0:0:0:0:0:0:1%0]:41732]: Logged in as 'Googl'
[00:37:36] [Netty Worker IO Thread #1/INFO]: [/[0:0:0:0:0:0:0:1%0]:41732|Googl] -> UpstreamBridge has connected
[00:37:36] [Netty Worker IO Thread #1/INFO]: [Googl|/[0:0:0:0:0:0:0:1%0]:41732] <-> ServerConnector [lobby] has connected
[00:39:42] [Netty Worker IO Thread #0/INFO]: [skibidi_rizz] disconnected with: Server closed
[00:39:42] [Netty Worker IO Thread #0/INFO]: [/[0:0:0:0:0:0:0:1%0]:50268|skibidi_rizz] -> UpstreamBridge has disconnected
[00:39:42] [Netty Worker IO Thread #0/INFO]: [/[0:0:0:0:0:0:0:1%0]:50268|skibidi_rizz] <-> DownstreamBridge <-> [lobby] has disconnected
[00:39:43] [Netty Worker IO Thread #1/INFO]: [Googl] disconnected with: Proxy lost connection to server.
[00:39:43] [Netty Worker IO Thread #1/INFO]: [/[0:0:0:0:0:0:0:1%0]:41732|Googl] <-> DownstreamBridge <-> [lobby] has disconnected
[00:39:43] [Netty Worker IO Thread #1/INFO]: [/[0:0:0:0:0:0:0:1%0]:41732|Googl] -> UpstreamBridge has disconnected
[00:43:09] [Netty Worker IO Thread #2/INFO] [EaglercraftXBungee]: [/[0:0:0:0:0:0:0:1%0]:36122]: Connected via websocket
[00:43:09] [Netty Worker IO Thread #2/INFO] [EaglercraftXBungee]: [/[0:0:0:0:0:0:0:1%0]:36122]: Origin header is https://eaglercraft.com
[00:43:09] [Netty Worker IO Thread #2/INFO] [EaglercraftXBungee]: [/[0:0:0:0:0:0:0:1%0]:36122]: Logged in as 'Googl'
[00:43:09] [Netty Worker IO Thread #2/INFO]: [/[0:0:0:0:0:0:0:1%0]:36122|Googl] -> UpstreamBridge has connected
[00:43:09] [Netty Worker IO Thread #2/INFO]: [Googl|/[0:0:0:0:0:0:0:1%0]:36122] <-> ServerConnector [lobby] has connected
[00:49:46] [Netty Worker IO Thread #2/INFO]: [Googl] disconnected with: Server closed
[00:49:46] [Netty Worker IO Thread #2/INFO]: [/[0:0:0:0:0:0:0:1%0]:36122|Googl] -> UpstreamBridge has disconnected
[00:49:46] [Netty Worker IO Thread #2/INFO]: [/[0:0:0:0:0:0:0:1%0]:36122|Googl] <-> DownstreamBridge <-> [lobby] has disconnected
